<?xml version='1.0' encoding='UTF-8'?>
<testsuite hostname="Pavilion-Monster" name="CalculatorFreeSpec" tests="4" errors="0" failures="0" skipped="0" time="0.033" timestamp="2022-03-24T16:53:19">
          <properties>
[...]
</properties>
          <testcase classname="CalculatorFreeSpec" name="The calculator of Addition gives back the two numbers of addition" time="0.027">
                      
                    </testcase><testcase classname="CalculatorFreeSpec" name="The calculator of Subtraction gives back to two numbers of subtraction" time="0.001">
                      
                    </testcase><testcase classname="CalculatorFreeSpec" name="The Calculator of Multiplication gives back to two  numbers of multiplication" time="0.0">
                      
                    </testcase><testcase classname="CalculatorFreeSpec" name="The Calculator of Division gives back to two  numbers of divison" time="0.005">
                      
                    </testcase>
          <system-out><![CDATA[]]></system-out>
          <system-err><![CDATA[]]></system-err>
        </testsuite>