<?xml version="1.0"?>
<!DOCTYPE coverage SYSTEM "http://cobertura.sourceforge.net/xml/coverage-04.dtd">
<coverage 
line-rate="0.36" lines-valid="11" lines-covered="4" branches-valid="0" branches-covered="0" branch-rate="1.00" complexity="0" version="1.0" timestamp="1648173924843">
    <sources>
        <source>--source</source>
        <source>D:/Scala_Projects/newSCoverage/src/main/scala</source>
    </sources>
    <packages>
        <package name="&lt;empty&gt;" line-rate="0.36" branch-rate="1.00" complexity="0">
            <classes>
                <class name="Calculator1" filename="Calculator1.scala" line-rate="0.36" branch-rate="1.00" complexity="0">
                    <methods>
                        <method 
                        name="&lt;empty&gt;/Calculator1/&lt;none&gt;" signature="()V" line-rate="0.00" branch-rate="0.00" complexity="0">
                            <lines>
                                <line number="18" hits="0" branch="false"/>
                                <line number="21" hits="0" branch="false"/>
                                <line number="13" hits="0" branch="false"/>
                                <line number="17" hits="0" branch="false"/>
                                <line number="20" hits="0" branch="false"/>
                                <line number="19" hits="0" branch="false"/>
                                <line number="15" hits="0" branch="false"/>
                            </lines>
</method>
                        <method name="&lt;empty&gt;/Calculator1/add" signature="()V" line-rate="1.00" branch-rate="1.00" complexity="0">
                            <lines>
                                <line number="2" hits="1" branch="false"/>
                            </lines>
                        </method>
                        <method name="&lt;empty&gt;/Calculator1/sub" signature="()V" line-rate="1.00" branch-rate="1.00" complexity="0">
                            <lines>
                                <line number="4" hits="1" branch="false"/>
                            </lines>
                        </method>
                        <method name="&lt;empty&gt;/Calculator1/div" signature="()V" line-rate="1.00" branch-rate="1.00" complexity="0">
                            <lines>
                                <line number="8" hits="1" branch="false"/>
                            </lines>
                        </method>
                        <method name="&lt;empty&gt;/Calculator1/mul" signature="()V" line-rate="1.00" branch-rate="1.00" complexity="0">
                            <lines>
                                <line number="6" hits="1" branch="false"/>
                            </lines>
                        </method>
                    </methods>
                    <lines>
                        <line number="18" hits="0" branch="false"/>
                        <line number="21" hits="0" branch="false"/>
                        <line number="4" hits="1" branch="false"/>
                        <line number="13" hits="0" branch="false"/>
                        <line number="8" hits="1" branch="false"/>
                        <line number="17" hits="0" branch="false"/>
                        <line number="20" hits="0" branch="false"/>
                        <line number="2" hits="1" branch="false"/>
                        <line number="19" hits="0" branch="false"/>
                        <line number="6" hits="1" branch="false"/>
                        <line number="15" hits="0" branch="false"/>
                    </lines>
                </class>
            </classes>
        </package>
    </packages>
</coverage>
